2023-08-06 02:37:00.582556 - Initialized conversion of CBT270
2023-08-06 02:37:02.758216 - Received CBT.V505.FILE270.PDS from FILE270.XMI 
2023-08-06 02:37:02.760813 - Found $$$#DATE.txt (text/plain) in CBT.V505.FILE270.PDS, moved to PDS/$$$#DATE
2023-08-06 02:37:02.761935 - Found $$PHONE.txt (text/plain) in CBT.V505.FILE270.PDS, moved to PDS/$$PHONE
2023-08-06 02:37:02.762864 - Found $CHGLOG.txt (text/plain) in CBT.V505.FILE270.PDS, moved to PDS/$CHGLOG
2023-08-06 02:37:02.764356 - Found $DOC.txt (text/plain) in CBT.V505.FILE270.PDS, moved to PDS/$DOC
2023-08-06 02:37:02.764366 - Found $FS3DOC.bin containing application/octet-stream, moved to PDS/$FS3DOC
2023-08-06 02:37:02.766614 - Found @FILE270.txt (text/plain) in CBT.V505.FILE270.PDS, moved to PDS/@FILE270
2023-08-06 02:37:02.767589 - Found ADMUSP6.txt (text/plain) in CBT.V505.FILE270.PDS, moved to PDS/ADMUSP6
2023-08-06 02:37:02.768489 - Found ADMUSP6B.txt (text/plain) in CBT.V505.FILE270.PDS, moved to PDS/ADMUSP6B
2023-08-06 02:37:02.769410 - Found ADMUSP6O.txt (text/plain) in CBT.V505.FILE270.PDS, moved to PDS/ADMUSP6O
2023-08-06 02:37:02.770395 - Found ALLOCGDG.txt (text/plain) in CBT.V505.FILE270.PDS, moved to PDS/ALLOCGDG
2023-08-06 02:37:02.771318 - Found ALLOCME$.txt (text/plain) in CBT.V505.FILE270.PDS, moved to PDS/ALLOCME$
2023-08-06 02:37:02.772181 - Found ALLOCMEM.txt (text/plain) in CBT.V505.FILE270.PDS, moved to PDS/ALLOCMEM
2023-08-06 02:37:02.773091 - Found BLKING.txt (text/plain) in CBT.V505.FILE270.PDS, moved to PDS/BLKING
2023-08-06 02:37:02.774006 - Found BLKING$.txt (text/plain) in CBT.V505.FILE270.PDS, moved to PDS/BLKING$
2023-08-06 02:37:02.774870 - Found BREAKDSN.txt (text/plain) in CBT.V505.FILE270.PDS, moved to PDS/BREAKDSN
2023-08-06 02:37:02.775726 - Found CALLCIPH.txt (text/plain) in CBT.V505.FILE270.PDS, moved to PDS/CALLCIPH
2023-08-06 02:37:02.776575 - Found CATBYVO#.txt (text/plain) in CBT.V505.FILE270.PDS, moved to PDS/CATBYVO#
2023-08-06 02:37:02.777458 - Found CATBYVOL.jcl (text/plain) in CBT.V505.FILE270.PDS, moved to PDS/CATBYVOL
2023-08-06 02:37:02.778505 - Found CHDSCB$.txt (text/plain) in CBT.V505.FILE270.PDS, moved to PDS/CHDSCB$
2023-08-06 02:37:02.779428 - Found CHKBLOC$.txt (text/plain) in CBT.V505.FILE270.PDS, moved to PDS/CHKBLOC$
2023-08-06 02:37:02.780444 - Found CHKBLOC#.txt (text/plain) in CBT.V505.FILE270.PDS, moved to PDS/CHKBLOC#
2023-08-06 02:37:02.781485 - Found CHKBLOCK.txt (text/plain) in CBT.V505.FILE270.PDS, moved to PDS/CHKBLOCK
2023-08-06 02:37:02.782490 - Found CHKTODAY.txt (text/plain) in CBT.V505.FILE270.PDS, moved to PDS/CHKTODAY
2023-08-06 02:37:02.783443 - Found CHKTODY$.txt (text/plain) in CBT.V505.FILE270.PDS, moved to PDS/CHKTODY$
2023-08-06 02:37:02.784379 - Found CLIB$.txt (text/plain) in CBT.V505.FILE270.PDS, moved to PDS/CLIB$
2023-08-06 02:37:02.785536 - Found CLISTS.txt (text/plain) in CBT.V505.FILE270.PDS, moved to PDS/CLISTS
2023-08-06 02:37:02.786592 - Found CLRSPFI$.txt (text/plain) in CBT.V505.FILE270.PDS, moved to PDS/CLRSPFI$
2023-08-06 02:37:02.787525 - Found CLRSPFIO.txt (text/plain) in CBT.V505.FILE270.PDS, moved to PDS/CLRSPFIO
2023-08-06 02:37:02.788487 - Found CMDOUT$.txt (text/plain) in CBT.V505.FILE270.PDS, moved to PDS/CMDOUT$
2023-08-06 02:37:02.789427 - Found CNTLCRT.txt (text/plain) in CBT.V505.FILE270.PDS, moved to PDS/CNTLCRT
2023-08-06 02:37:02.790341 - Found CNTLCRT$.txt (text/plain) in CBT.V505.FILE270.PDS, moved to PDS/CNTLCRT$
2023-08-06 02:37:02.791266 - Found CNV2GREG.txt (text/plain) in CBT.V505.FILE270.PDS, moved to PDS/CNV2GREG
2023-08-06 02:37:02.792173 - Found COMMANDR.jcl (text/plain) in CBT.V505.FILE270.PDS, moved to PDS/COMMANDR
2023-08-06 02:37:02.793167 - Found CONCATEM.txt (text/plain) in CBT.V505.FILE270.PDS, moved to PDS/CONCATEM
2023-08-06 02:37:02.794264 - Found CONCATM$.txt (text/plain) in CBT.V505.FILE270.PDS, moved to PDS/CONCATM$
2023-08-06 02:37:02.795198 - Found CONTROL.txt (text/plain) in CBT.V505.FILE270.PDS, moved to PDS/CONTROL
2023-08-06 02:37:02.796180 - Found CONVDATE.txt (text/plain) in CBT.V505.FILE270.PDS, moved to PDS/CONVDATE
2023-08-06 02:37:02.797123 - Found CRY.txt (text/plain) in CBT.V505.FILE270.PDS, moved to PDS/CRY
2023-08-06 02:37:02.798126 - Found CTLGTMS#.jcl (text/plain) in CBT.V505.FILE270.PDS, moved to PDS/CTLGTMS#
2023-08-06 02:37:02.799120 - Found DATASTA$.txt (text/plain) in CBT.V505.FILE270.PDS, moved to PDS/DATASTA$
2023-08-06 02:37:02.800040 - Found DATASTAT.txt (text/plain) in CBT.V505.FILE270.PDS, moved to PDS/DATASTAT
2023-08-06 02:37:02.800999 - Found DATE.txt (text/plain) in CBT.V505.FILE270.PDS, moved to PDS/DATE
2023-08-06 02:37:02.801945 - Found DATECON$.txt (text/plain) in CBT.V505.FILE270.PDS, moved to PDS/DATECON$
2023-08-06 02:37:02.802925 - Found DATECONV.txt (text/plain) in CBT.V505.FILE270.PDS, moved to PDS/DATECONV
2023-08-06 02:37:02.803855 - Found DDNTODS$.txt (text/plain) in CBT.V505.FILE270.PDS, moved to PDS/DDNTODS$
2023-08-06 02:37:02.805034 - Found DDNTODSN.txt (text/plain) in CBT.V505.FILE270.PDS, moved to PDS/DDNTODSN
2023-08-06 02:37:02.806097 - Found DEVTYPE.txt (text/plain) in CBT.V505.FILE270.PDS, moved to PDS/DEVTYPE
2023-08-06 02:37:02.807037 - Found DEVTYPE$.txt (text/plain) in CBT.V505.FILE270.PDS, moved to PDS/DEVTYPE$
2023-08-06 02:37:02.808337 - Found DOCLIB.txt (text/plain) in CBT.V505.FILE270.PDS, moved to PDS/DOCLIB
2023-08-06 02:37:02.809327 - Found DOCSYS$.txt (text/plain) in CBT.V505.FILE270.PDS, moved to PDS/DOCSYS$
2023-08-06 02:37:02.810477 - Found DPSCEDT6.txt (text/plain) in CBT.V505.FILE270.PDS, moved to PDS/DPSCEDT6
2023-08-06 02:37:02.811473 - Found DSNTAB.txt (text/plain) in CBT.V505.FILE270.PDS, moved to PDS/DSNTAB
2023-08-06 02:37:02.812418 - Found DSNTAB$.txt (text/plain) in CBT.V505.FILE270.PDS, moved to PDS/DSNTAB$
2023-08-06 02:37:02.813373 - Found DUMMY.txt (text/plain) in CBT.V505.FILE270.PDS, moved to PDS/DUMMY
2023-08-06 02:37:02.814318 - Found DUMPVOL.jcl (text/plain) in CBT.V505.FILE270.PDS, moved to PDS/DUMPVOL
2023-08-06 02:37:02.815273 - Found DUMPVOL#.jcl (text/plain) in CBT.V505.FILE270.PDS, moved to PDS/DUMPVOL#
2023-08-06 02:37:02.816222 - Found DYNALLC$.txt (text/plain) in CBT.V505.FILE270.PDS, moved to PDS/DYNALLC$
2023-08-06 02:37:02.817203 - Found DYNALLOC.txt (text/plain) in CBT.V505.FILE270.PDS, moved to PDS/DYNALLOC
2023-08-06 02:37:02.818144 - Found EDIT$.txt (text/plain) in CBT.V505.FILE270.PDS, moved to PDS/EDIT$
2023-08-06 02:37:02.819144 - Found ENQ1DSN.jcl (text/plain) in CBT.V505.FILE270.PDS, moved to PDS/ENQ1DSN
2023-08-06 02:37:02.820140 - Found ENQ1LOAD.jcl (text/plain) in CBT.V505.FILE270.PDS, moved to PDS/ENQ1LOAD
2023-08-06 02:37:02.821179 - Found ENQ2LOAD.jcl (text/plain) in CBT.V505.FILE270.PDS, moved to PDS/ENQ2LOAD
2023-08-06 02:37:02.822167 - Found EXPORT.jcl (text/plain) in CBT.V505.FILE270.PDS, moved to PDS/EXPORT
2023-08-06 02:37:02.823078 - Found EXTENTNO.txt (text/plain) in CBT.V505.FILE270.PDS, moved to PDS/EXTENTNO
2023-08-06 02:37:02.823989 - Found FILEATT$.txt (text/plain) in CBT.V505.FILE270.PDS, moved to PDS/FILEATT$
2023-08-06 02:37:02.824978 - Found FILEATTR.txt (text/plain) in CBT.V505.FILE270.PDS, moved to PDS/FILEATTR
2023-08-06 02:37:02.825967 - Found FILEINF$.txt (text/plain) in CBT.V505.FILE270.PDS, moved to PDS/FILEINF$
2023-08-06 02:37:02.827088 - Found FILEINFO.txt (text/plain) in CBT.V505.FILE270.PDS, moved to PDS/FILEINFO
2023-08-06 02:37:02.828089 - Found FILEUSE.txt (text/plain) in CBT.V505.FILE270.PDS, moved to PDS/FILEUSE
2023-08-06 02:37:02.829062 - Found FILEUSE$.txt (text/plain) in CBT.V505.FILE270.PDS, moved to PDS/FILEUSE$
2023-08-06 02:37:02.829995 - Found FILSPAC$.txt (text/plain) in CBT.V505.FILE270.PDS, moved to PDS/FILSPAC$
2023-08-06 02:37:02.830972 - Found FILSPACE.txt (text/plain) in CBT.V505.FILE270.PDS, moved to PDS/FILSPACE
2023-08-06 02:37:02.831823 - Found FINDEM.txt (text/plain) in CBT.V505.FILE270.PDS, moved to PDS/FINDEM
2023-08-06 02:37:02.832691 - Found FINDMEM.txt (text/plain) in CBT.V505.FILE270.PDS, moved to PDS/FINDMEM
2023-08-06 02:37:02.833660 - Found FINDMEM$.txt (text/plain) in CBT.V505.FILE270.PDS, moved to PDS/FINDMEM$
2023-08-06 02:37:02.834619 - Found FINDTTR.txt (text/plain) in CBT.V505.FILE270.PDS, moved to PDS/FINDTTR
2023-08-06 02:37:02.835496 - Found FINDTTR$.txt (text/plain) in CBT.V505.FILE270.PDS, moved to PDS/FINDTTR$
2023-08-06 02:37:02.836346 - Found FIREUP$.txt (text/plain) in CBT.V505.FILE270.PDS, moved to PDS/FIREUP$
2023-08-06 02:37:02.837227 - Found FTL.txt (text/plain) in CBT.V505.FILE270.PDS, moved to PDS/FTL
2023-08-06 02:37:02.838205 - Found FTL$.txt (text/plain) in CBT.V505.FILE270.PDS, moved to PDS/FTL$
2023-08-06 02:37:02.839086 - Found FULLSCR3.txt (text/plain) in CBT.V505.FILE270.PDS, moved to PDS/FULLSCR3
2023-08-06 02:37:02.839923 - Found GETDSCB1.txt (text/plain) in CBT.V505.FILE270.PDS, moved to PDS/GETDSCB1
2023-08-06 02:37:02.840787 - Found GETMY.txt (text/plain) in CBT.V505.FILE270.PDS, moved to PDS/GETMY
2023-08-06 02:37:02.841643 - Found GETMY$.txt (text/plain) in CBT.V505.FILE270.PDS, moved to PDS/GETMY$
2023-08-06 02:37:02.842485 - Found GETSCRN.txt (text/plain) in CBT.V505.FILE270.PDS, moved to PDS/GETSCRN
2023-08-06 02:37:02.843308 - Found HEXTRAN.txt (text/plain) in CBT.V505.FILE270.PDS, moved to PDS/HEXTRAN
2023-08-06 02:37:02.844153 - Found HEXTRAN$.txt (text/plain) in CBT.V505.FILE270.PDS, moved to PDS/HEXTRAN$
2023-08-06 02:37:02.845026 - Found HOSEDWN$.txt (text/plain) in CBT.V505.FILE270.PDS, moved to PDS/HOSEDWN$
2023-08-06 02:37:02.845982 - Found HOTKEYS$.txt (text/plain) in CBT.V505.FILE270.PDS, moved to PDS/HOTKEYS$
2023-08-06 02:37:02.846888 - Found IFALC.txt (text/plain) in CBT.V505.FILE270.PDS, moved to PDS/IFALC
2023-08-06 02:37:02.847731 - Found IFALC$.txt (text/plain) in CBT.V505.FILE270.PDS, moved to PDS/IFALC$
2023-08-06 02:37:02.848566 - Found IFCAT.txt (text/plain) in CBT.V505.FILE270.PDS, moved to PDS/IFCAT
2023-08-06 02:37:02.849408 - Found IFCAT$.txt (text/plain) in CBT.V505.FILE270.PDS, moved to PDS/IFCAT$
2023-08-06 02:37:02.850395 - Found IGC00236.txt (text/plain) in CBT.V505.FILE270.PDS, moved to PDS/IGC00236
2023-08-06 02:37:02.851303 - Found IKJUPDT.txt (text/plain) in CBT.V505.FILE270.PDS, moved to PDS/IKJUPDT
2023-08-06 02:37:02.852172 - Found IMPORT.jcl (text/plain) in CBT.V505.FILE270.PDS, moved to PDS/IMPORT
2023-08-06 02:37:02.853095 - Found INDEX.txt (text/plain) in CBT.V505.FILE270.PDS, moved to PDS/INDEX
2023-08-06 02:37:02.854050 - Found INDEXES.txt (text/plain) in CBT.V505.FILE270.PDS, moved to PDS/INDEXES
2023-08-06 02:37:02.855044 - Found INMRZ01.txt (text/plain) in CBT.V505.FILE270.PDS, moved to PDS/INMRZ01
2023-08-06 02:37:02.855929 - Found INTRDR.txt (text/plain) in CBT.V505.FILE270.PDS, moved to PDS/INTRDR
2023-08-06 02:37:02.856850 - Found ISPCDSN.txt (text/plain) in CBT.V505.FILE270.PDS, moved to PDS/ISPCDSN
2023-08-06 02:37:02.857846 - Found ISPCDSN$.txt (text/plain) in CBT.V505.FILE270.PDS, moved to PDS/ISPCDSN$
2023-08-06 02:37:02.857866 - Found ISPCMDS.bin containing application/octet-stream, moved to PDS/ISPCMDS
2023-08-06 02:37:02.859795 - Found ITCOMA1.txt (text/plain) in CBT.V505.FILE270.PDS, moved to PDS/ITCOMA1
2023-08-06 02:37:02.860645 - Found JAN86.txt (text/plain) in CBT.V505.FILE270.PDS, moved to PDS/JAN86
2023-08-06 02:37:02.861675 - Found JTOSCON$.txt (text/plain) in CBT.V505.FILE270.PDS, moved to PDS/JTOSCON$
2023-08-06 02:37:02.862578 - Found JTOSCONV.txt (text/plain) in CBT.V505.FILE270.PDS, moved to PDS/JTOSCONV
2023-08-06 02:37:02.863517 - Found KEYEX.txt (text/plain) in CBT.V505.FILE270.PDS, moved to PDS/KEYEX
2023-08-06 02:37:02.864365 - Found KMDPARS.txt (text/plain) in CBT.V505.FILE270.PDS, moved to PDS/KMDPARS
2023-08-06 02:37:02.865358 - Found KOMM.txt (text/plain) in CBT.V505.FILE270.PDS, moved to PDS/KOMM
2023-08-06 02:37:02.866309 - Found KOMM$.txt (text/plain) in CBT.V505.FILE270.PDS, moved to PDS/KOMM$
2023-08-06 02:37:02.867308 - Found LASTLNK$.txt (text/plain) in CBT.V505.FILE270.PDS, moved to PDS/LASTLNK$
2023-08-06 02:37:02.868292 - Found LINKUPDT.txt (text/plain) in CBT.V505.FILE270.PDS, moved to PDS/LINKUPDT
2023-08-06 02:37:02.869312 - Found LISTMEM$.txt (text/plain) in CBT.V505.FILE270.PDS, moved to PDS/LISTMEM$
2023-08-06 02:37:02.870262 - Found LISTMEMS.txt (text/plain) in CBT.V505.FILE270.PDS, moved to PDS/LISTMEMS
2023-08-06 02:37:02.871330 - Found LOADEXTR.txt (text/plain) in CBT.V505.FILE270.PDS, moved to PDS/LOADEXTR
2023-08-06 02:37:02.872312 - Found LOADPRNT.txt (text/plain) in CBT.V505.FILE270.PDS, moved to PDS/LOADPRNT
2023-08-06 02:37:02.873382 - Found LOCATE.txt (text/plain) in CBT.V505.FILE270.PDS, moved to PDS/LOCATE
2023-08-06 02:37:02.874360 - Found LOGKILL$.txt (text/plain) in CBT.V505.FILE270.PDS, moved to PDS/LOGKILL$
2023-08-06 02:37:02.875317 - Found LOGKILLR.txt (text/plain) in CBT.V505.FILE270.PDS, moved to PDS/LOGKILLR
2023-08-06 02:37:02.876370 - Found LPRTQ2.txt (text/plain) in CBT.V505.FILE270.PDS, moved to PDS/LPRTQ2
2023-08-06 02:37:02.876380 - Found MACLIB.bin containing application/octet-stream, moved to PDS/MACLIB
2023-08-06 02:37:02.880128 - Found MEMSTAT.txt (text/plain) in CBT.V505.FILE270.PDS, moved to PDS/MEMSTAT
2023-08-06 02:37:02.881099 - Found MEMSTAT$.txt (text/plain) in CBT.V505.FILE270.PDS, moved to PDS/MEMSTAT$
2023-08-06 02:37:02.882033 - Found MERGEJCL.jcl (text/plain) in CBT.V505.FILE270.PDS, moved to PDS/MERGEJCL
2023-08-06 02:37:02.883145 - Found MLPALIST.txt (text/plain) in CBT.V505.FILE270.PDS, moved to PDS/MLPALIST
2023-08-06 02:37:02.884143 - Found MODSCR3.txt (text/plain) in CBT.V505.FILE270.PDS, moved to PDS/MODSCR3
2023-08-06 02:37:02.885169 - Found MODTEST.txt (text/plain) in CBT.V505.FILE270.PDS, moved to PDS/MODTEST
2023-08-06 02:37:02.886121 - Found MSGS.txt (text/plain) in CBT.V505.FILE270.PDS, moved to PDS/MSGS
2023-08-06 02:37:02.887138 - Found NEWISPF.txt (text/plain) in CBT.V505.FILE270.PDS, moved to PDS/NEWISPF
2023-08-06 02:37:02.888154 - Found NEWMWILE.txt (text/plain) in CBT.V505.FILE270.PDS, moved to PDS/NEWMWILE
2023-08-06 02:37:02.889220 - Found NEWWAIT.txt (text/plain) in CBT.V505.FILE270.PDS, moved to PDS/NEWWAIT
2023-08-06 02:37:02.890165 - Found NEWWAIT$.txt (text/plain) in CBT.V505.FILE270.PDS, moved to PDS/NEWWAIT$
2023-08-06 02:37:02.891161 - Found NEXTGEN.txt (text/plain) in CBT.V505.FILE270.PDS, moved to PDS/NEXTGEN
2023-08-06 02:37:02.892140 - Found OPERSCAN.txt (text/plain) in CBT.V505.FILE270.PDS, moved to PDS/OPERSCAN
2023-08-06 02:37:02.893198 - Found PACKLIST.txt (text/plain) in CBT.V505.FILE270.PDS, moved to PDS/PACKLIST
2023-08-06 02:37:02.894233 - Found PANELS.txt (text/plain) in CBT.V505.FILE270.PDS, moved to PDS/PANELS
2023-08-06 02:37:02.895201 - Found PARMCNVS.txt (text/plain) in CBT.V505.FILE270.PDS, moved to PDS/PARMCNVS
2023-08-06 02:37:02.896495 - Found PARMLIB.txt (text/plain) in CBT.V505.FILE270.PDS, moved to PDS/PARMLIB
2023-08-06 02:37:02.897518 - Found PASSDEST.txt (text/plain) in CBT.V505.FILE270.PDS, moved to PDS/PASSDEST
2023-08-06 02:37:02.898477 - Found PASSDSCB.txt (text/plain) in CBT.V505.FILE270.PDS, moved to PDS/PASSDSCB
2023-08-06 02:37:02.899464 - Found PFKEYCG$.txt (text/plain) in CBT.V505.FILE270.PDS, moved to PDS/PFKEYCG$
2023-08-06 02:37:02.900503 - Found PFKEYCHG.txt (text/plain) in CBT.V505.FILE270.PDS, moved to PDS/PFKEYCHG
2023-08-06 02:37:02.901555 - Found PFKEYRS$.txt (text/plain) in CBT.V505.FILE270.PDS, moved to PDS/PFKEYRS$
2023-08-06 02:37:02.902510 - Found PFKEYRST.txt (text/plain) in CBT.V505.FILE270.PDS, moved to PDS/PFKEYRST
2023-08-06 02:37:02.903504 - Found PROCLIB.txt (text/plain) in CBT.V505.FILE270.PDS, moved to PDS/PROCLIB
2023-08-06 02:37:02.904599 - Found PROGDQ#.jcl (text/plain) in CBT.V505.FILE270.PDS, moved to PDS/PROGDQ#
2023-08-06 02:37:02.905645 - Found PROGDQUE.txt (text/plain) in CBT.V505.FILE270.PDS, moved to PDS/PROGDQUE
2023-08-06 02:37:02.906622 - Found PSWSAMP.txt (text/plain) in CBT.V505.FILE270.PDS, moved to PDS/PSWSAMP
2023-08-06 02:37:02.907649 - Found QUICK.txt (text/plain) in CBT.V505.FILE270.PDS, moved to PDS/QUICK
2023-08-06 02:37:02.908551 - Found REDIST.jcl (text/plain) in CBT.V505.FILE270.PDS, moved to PDS/REDIST
2023-08-06 02:37:02.909454 - Found REDISTI.jcl (text/plain) in CBT.V505.FILE270.PDS, moved to PDS/REDISTI
2023-08-06 02:37:02.910444 - Found RELSEQ.txt (text/plain) in CBT.V505.FILE270.PDS, moved to PDS/RELSEQ
2023-08-06 02:37:02.911367 - Found REPROEN#.jcl (text/plain) in CBT.V505.FILE270.PDS, moved to PDS/REPROEN#
2023-08-06 02:37:02.912237 - Found REPROENQ.jcl (text/plain) in CBT.V505.FILE270.PDS, moved to PDS/REPROENQ
2023-08-06 02:37:02.913158 - Found RJETRAN$.txt (text/plain) in CBT.V505.FILE270.PDS, moved to PDS/RJETRAN$
2023-08-06 02:37:02.914071 - Found RJETRANS.txt (text/plain) in CBT.V505.FILE270.PDS, moved to PDS/RJETRANS
2023-08-06 02:37:02.915071 - Found RTSO.txt (text/plain) in CBT.V505.FILE270.PDS, moved to PDS/RTSO
2023-08-06 02:37:02.916077 - Found R050A90.txt (text/plain) in CBT.V505.FILE270.PDS, moved to PDS/R050A90
2023-08-06 02:37:02.916933 - Found SCAN4HIT.txt (text/plain) in CBT.V505.FILE270.PDS, moved to PDS/SCAN4HIT
2023-08-06 02:37:02.917932 - Found SCGEN1.txt (text/plain) in CBT.V505.FILE270.PDS, moved to PDS/SCGEN1
2023-08-06 02:37:02.918831 - Found SCXSCAN.txt (text/plain) in CBT.V505.FILE270.PDS, moved to PDS/SCXSCAN
2023-08-06 02:37:02.919676 - Found SCXSCAN$.txt (text/plain) in CBT.V505.FILE270.PDS, moved to PDS/SCXSCAN$
2023-08-06 02:37:02.920504 - Found SERLCON$.txt (text/plain) in CBT.V505.FILE270.PDS, moved to PDS/SERLCON$
2023-08-06 02:37:02.921494 - Found SERLCONV.txt (text/plain) in CBT.V505.FILE270.PDS, moved to PDS/SERLCONV
2023-08-06 02:37:02.922396 - Found SETRC.txt (text/plain) in CBT.V505.FILE270.PDS, moved to PDS/SETRC
2023-08-06 02:37:02.923343 - Found SETRC$.txt (text/plain) in CBT.V505.FILE270.PDS, moved to PDS/SETRC$
2023-08-06 02:37:02.924283 - Found SETVAR.txt (text/plain) in CBT.V505.FILE270.PDS, moved to PDS/SETVAR
2023-08-06 02:37:02.925268 - Found SETVAR#.jcl (text/plain) in CBT.V505.FILE270.PDS, moved to PDS/SETVAR#
2023-08-06 02:37:02.926159 - Found SHOW.txt (text/plain) in CBT.V505.FILE270.PDS, moved to PDS/SHOW
2023-08-06 02:37:02.927193 - Found SHOWFJM.txt (text/plain) in CBT.V505.FILE270.PDS, moved to PDS/SHOWFJM
2023-08-06 02:37:02.928104 - Found SIMLKOMM.txt (text/plain) in CBT.V505.FILE270.PDS, moved to PDS/SIMLKOMM
2023-08-06 02:37:02.929004 - Found SKELS.txt (text/plain) in CBT.V505.FILE270.PDS, moved to PDS/SKELS
2023-08-06 02:37:02.929884 - Found SMF64EX$.txt (text/plain) in CBT.V505.FILE270.PDS, moved to PDS/SMF64EX$
2023-08-06 02:37:02.930709 - Found SMF64EX#.jcl (text/plain) in CBT.V505.FILE270.PDS, moved to PDS/SMF64EX#
2023-08-06 02:37:02.931654 - Found SMF64EXT.txt (text/plain) in CBT.V505.FILE270.PDS, moved to PDS/SMF64EXT
2023-08-06 02:37:02.932537 - Found SMF74MO$.txt (text/plain) in CBT.V505.FILE270.PDS, moved to PDS/SMF74MO$
2023-08-06 02:37:02.933436 - Found SMF74MO#.jcl (text/plain) in CBT.V505.FILE270.PDS, moved to PDS/SMF74MO#
2023-08-06 02:37:02.934501 - Found SMF74MOD.txt (text/plain) in CBT.V505.FILE270.PDS, moved to PDS/SMF74MOD
2023-08-06 02:37:02.935524 - Found SMPEIOF.txt (text/plain) in CBT.V505.FILE270.PDS, moved to PDS/SMPEIOF
2023-08-06 02:37:02.936506 - Found SPACE.txt (text/plain) in CBT.V505.FILE270.PDS, moved to PDS/SPACE
2023-08-06 02:37:02.937384 - Found SPACE$.txt (text/plain) in CBT.V505.FILE270.PDS, moved to PDS/SPACE$
2023-08-06 02:37:02.938460 - Found SPFEXEC.txt (text/plain) in CBT.V505.FILE270.PDS, moved to PDS/SPFEXEC
2023-08-06 02:37:02.939374 - Found SPFPRINT.txt (text/plain) in CBT.V505.FILE270.PDS, moved to PDS/SPFPRINT
2023-08-06 02:37:02.940261 - Found SPFYFND5.txt (text/plain) in CBT.V505.FILE270.PDS, moved to PDS/SPFYFND5
2023-08-06 02:37:02.941240 - Found STACK.txt (text/plain) in CBT.V505.FILE270.PDS, moved to PDS/STACK
2023-08-06 02:37:02.942238 - Found STACK$.txt (text/plain) in CBT.V505.FILE270.PDS, moved to PDS/STACK$
2023-08-06 02:37:02.943254 - Found STOJCON$.txt (text/plain) in CBT.V505.FILE270.PDS, moved to PDS/STOJCON$
2023-08-06 02:37:02.944216 - Found STOJCONV.txt (text/plain) in CBT.V505.FILE270.PDS, moved to PDS/STOJCONV
2023-08-06 02:37:02.945165 - Found SUBEX.txt (text/plain) in CBT.V505.FILE270.PDS, moved to PDS/SUBEX
2023-08-06 02:37:02.946008 - Found SUPRASM.txt (text/plain) in CBT.V505.FILE270.PDS, moved to PDS/SUPRASM
2023-08-06 02:37:02.946842 - Found SUPRJCL.txt (text/plain) in CBT.V505.FILE270.PDS, moved to PDS/SUPRJCL
2023-08-06 02:37:02.947669 - Found SUPRNAM$.txt (text/plain) in CBT.V505.FILE270.PDS, moved to PDS/SUPRNAM$
2023-08-06 02:37:02.948516 - Found SUPRNAME.txt (text/plain) in CBT.V505.FILE270.PDS, moved to PDS/SUPRNAME
2023-08-06 02:37:02.949564 - Found SYSOUT.txt (text/plain) in CBT.V505.FILE270.PDS, moved to PDS/SYSOUT
2023-08-06 02:37:02.950522 - Found SYSOUT$.txt (text/plain) in CBT.V505.FILE270.PDS, moved to PDS/SYSOUT$
2023-08-06 02:37:02.951526 - Found TBLHNDLR.txt (text/plain) in CBT.V505.FILE270.PDS, moved to PDS/TBLHNDLR
2023-08-06 02:37:02.952458 - Found TERMTYP$.txt (text/plain) in CBT.V505.FILE270.PDS, moved to PDS/TERMTYP$
2023-08-06 02:37:02.953380 - Found TERMTYPE.txt (text/plain) in CBT.V505.FILE270.PDS, moved to PDS/TERMTYPE
2023-08-06 02:37:02.954374 - Found TIMECON$.txt (text/plain) in CBT.V505.FILE270.PDS, moved to PDS/TIMECON$
2023-08-06 02:37:02.955301 - Found TIMECOND.jcl (text/plain) in CBT.V505.FILE270.PDS, moved to PDS/TIMECOND
2023-08-06 02:37:02.956173 - Found TIMEDATE.txt (text/plain) in CBT.V505.FILE270.PDS, moved to PDS/TIMEDATE
2023-08-06 02:37:02.957140 - Found TN.txt (text/plain) in CBT.V505.FILE270.PDS, moved to PDS/TN
2023-08-06 02:37:02.958152 - Found TRANS.txt (text/plain) in CBT.V505.FILE270.PDS, moved to PDS/TRANS
2023-08-06 02:37:02.959244 - Found TRNEOF.txt (text/plain) in CBT.V505.FILE270.PDS, moved to PDS/TRNEOF
2023-08-06 02:37:02.960146 - Found TUBE.txt (text/plain) in CBT.V505.FILE270.PDS, moved to PDS/TUBE
2023-08-06 02:37:02.961077 - Found UCBMAP.txt (text/plain) in CBT.V505.FILE270.PDS, moved to PDS/UCBMAP
2023-08-06 02:37:02.962070 - Found UCC7MOD.txt (text/plain) in CBT.V505.FILE270.PDS, moved to PDS/UCC7MOD
2023-08-06 02:37:02.963020 - Found UNCLIB$.txt (text/plain) in CBT.V505.FILE270.PDS, moved to PDS/UNCLIB$
2023-08-06 02:37:02.963961 - Found U3011195.txt (text/plain) in CBT.V505.FILE270.PDS, moved to PDS/U3011195
2023-08-06 02:37:02.964838 - Found U3511195.txt (text/plain) in CBT.V505.FILE270.PDS, moved to PDS/U3511195
2023-08-06 02:37:02.965827 - Found VOL2DEV$.txt (text/plain) in CBT.V505.FILE270.PDS, moved to PDS/VOL2DEV$
2023-08-06 02:37:02.966806 - Found VOL2DEVT.txt (text/plain) in CBT.V505.FILE270.PDS, moved to PDS/VOL2DEVT
2023-08-06 02:37:02.967854 - Found VSAMSCAN.jcl (text/plain) in CBT.V505.FILE270.PDS, moved to PDS/VSAMSCAN
2023-08-06 02:37:02.968736 - Found WATDSN.txt (text/plain) in CBT.V505.FILE270.PDS, moved to PDS/WATDSN
2023-08-06 02:37:02.969720 - Found WATDSN$.txt (text/plain) in CBT.V505.FILE270.PDS, moved to PDS/WATDSN$
2023-08-06 02:37:02.970759 - Found WDPSCXS.txt (text/plain) in CBT.V505.FILE270.PDS, moved to PDS/WDPSCXS
2023-08-06 02:37:02.971712 - Found WHATDDN.txt (text/plain) in CBT.V505.FILE270.PDS, moved to PDS/WHATDDN
2023-08-06 02:37:02.972597 - Found WHATDSN.txt (text/plain) in CBT.V505.FILE270.PDS, moved to PDS/WHATDSN
2023-08-06 02:37:02.973479 - Found WHATDSN$.txt (text/plain) in CBT.V505.FILE270.PDS, moved to PDS/WHATDSN$
2023-08-06 02:37:02.974478 - Found WTOPARM.txt (text/plain) in CBT.V505.FILE270.PDS, moved to PDS/WTOPARM
2023-08-06 02:37:02.975396 - Found WTOPARM$.txt (text/plain) in CBT.V505.FILE270.PDS, moved to PDS/WTOPARM$
2023-08-06 02:37:02.976339 - Found WTORCON$.txt (text/plain) in CBT.V505.FILE270.PDS, moved to PDS/WTORCON$
2023-08-06 02:37:02.977285 - Found WTORCOND.jcl (text/plain) in CBT.V505.FILE270.PDS, moved to PDS/WTORCOND
2023-08-06 02:37:02.978227 - Found XEQ.txt (text/plain) in CBT.V505.FILE270.PDS, moved to PDS/XEQ
2023-08-06 02:37:02.979075 - Found XJ22SHOW.txt (text/plain) in CBT.V505.FILE270.PDS, moved to PDS/XJ22SHOW
